Using high perf uvloop
Concurrency = 1
Preparing task to run tests [PosixPath('/home/romuald/tmp/audios/immat_micka/tests/immatfr143_gb179ck.test'), PosixPath('/home/romuald/tmp/audios/immat_micka/tests/immatfr162_dt657lg.test'), PosixPath('/home/romuald/tmp/audios/immat_micka/tests/immatfr24_ck790tz.test'), PosixPath('/home/romuald/tmp/audios/immat_micka/tests/immatfr3_ab025zz.test'), PosixPath('/home/romuald/tmp/audios/immat_micka/tests/immatfr83_gd402hr.test'), PosixPath('/home/romuald/tmp/audios/immat_micka/tests/immatfr112_df844th.test'), PosixPath('/home/romuald/tmp/audios/immat_micka/tests/immatfr141_fx662pd.test'), PosixPath('/home/romuald/tmp/audios/immat_micka/tests/immatfr172_fq271jh.test'), PosixPath('/home/romuald/tmp/audios/immat_micka/tests/immatfr34_dh857mv.test'), PosixPath('/home/romuald/tmp/audios/immat_micka/tests/immatfr108_cl764mb.test'), PosixPath('/home/romuald/tmp/audios/immat_micka/tests/immatfr106_ch039hq.test'), PosixPath('/home/romuald/tmp/audios/immat_micka/tests/immatfr97_bf855dt.test'), PosixPath('/home/romuald/tmp/audios/immat_micka/tests/immatfr131_fm070gf.test'), PosixPath('/home/romuald/tmp/audios/immat_micka/tests/immatfr169_ez902kn.test'), PosixPath('/home/romuald/tmp/audios/immat_micka/tests/immatfr139_fv128hb.test'), PosixPath('/home/romuald/tmp/audios/immat_micka/tests/immatfr178_gf788mm.test'), PosixPath('/home/romuald/tmp/audios/immat_micka/tests/immatfr89_1561sy33.test'), PosixPath('/home/romuald/tmp/audios/immat_micka/tests/immatfr103_ca604jb.test'), PosixPath('/home/romuald/tmp/audios/immat_micka/tests/immatfr171_ff565pr.test'), PosixPath('/home/romuald/tmp/audios/immat_micka/tests/immatfr60_fb163nt.test'), PosixPath('/home/romuald/tmp/audios/immat_micka/tests/immatfr17_bt146hn.test'), PosixPath('/home/romuald/tmp/audios/immat_micka/tests/immatfr132_fn334za.test'), PosixPath('/home/romuald/tmp/audios/immat_micka/tests/immatfr12_bg407eh.test'), PosixPath('/home/romuald/tmp/audios/immat_micka/tests/immatfr137_ft839tj.test'), PosixPath('/home/romuald/tmp/audios/immat_micka/tests/immatfr11_bc227dl.test'), PosixPath('/home/romuald/tmp/audios/immat_micka/tests/immatfr85_gj283ee.test'), PosixPath('/home/romuald/tmp/audios/immat_micka/tests/immatfr71_fp167va.test'), PosixPath('/home/romuald/tmp/audios/immat_micka/tests/immatfr27_cq279wk.test'), PosixPath('/home/romuald/tmp/audios/immat_micka/tests/immatfr124_ep757qz.test'), PosixPath('/home/romuald/tmp/audios/immat_micka/tests/immatfr37_dl044dx.test'), PosixPath('/home/romuald/tmp/audios/immat_micka/tests/immatfr117_dw628yb.test'), PosixPath('/home/romuald/tmp/audios/immat_micka/tests/immatfr55_er832wd.test'), PosixPath('/home/romuald/tmp/audios/immat_micka/tests/immatfr174_fw016cq.test'), PosixPath('/home/romuald/tmp/audios/immat_micka/tests/immatfr146_fg261xv.test'), PosixPath('/home/romuald/tmp/audios/immat_micka/tests/immatfr148_fs808mv.test'), PosixPath('/home/romuald/tmp/audios/immat_micka/tests/immatfr75_ft088br.test'), PosixPath('/home/romuald/tmp/audios/immat_micka/tests/immatfr81_fy706hh.test'), PosixPath('/home/romuald/tmp/audios/immat_micka/tests/immatfr43_dy809wb.test'), PosixPath('/home/romuald/tmp/audios/immat_micka/tests/immatfr98_bh439az.test'), PosixPath('/home/romuald/tmp/audios/immat_micka/tests/immatfr140_fx474qn.test'), PosixPath('/home/romuald/tmp/audios/immat_micka/tests/immatfr104_cd297ew.test'), PosixPath('/home/romuald/tmp/audios/immat_micka/tests/immatfr32_de684hz.test'), PosixPath('/home/romuald/tmp/audios/immat_micka/tests/immatfr116_dt209rr.test'), PosixPath('/home/romuald/tmp/audios/immat_micka/tests/immatfr127_ex166bk.test'), PosixPath('/home/romuald/tmp/audios/immat_micka/tests/immatfr166_ep323km.test'), PosixPath('/home/romuald/tmp/audios/immat_micka/tests/immatfr84_gh155xa.test'), PosixPath('/home/romuald/tmp/audios/immat_micka/tests/immatfr114_dj472ej.test'), PosixPath('/home/romuald/tmp/audios/immat_micka/tests/immatfr120_ej201sn.test'), PosixPath('/home/romuald/tmp/audios/immat_micka/tests/immatfr21_cd077ag.test'), PosixPath('/home/romuald/tmp/audios/immat_micka/tests/immatfr90_768cd38.test'), PosixPath('/home/romuald/tmp/audios/immat_micka/tests/immatfr88_fq271jh.test'), PosixPath('/home/romuald/tmp/audios/immat_micka/tests/immatfr65_fg125xp.test'), PosixPath('/home/romuald/tmp/audios/immat_micka/tests/immatfr13_bk313ri.test'), PosixPath('/home/romuald/tmp/audios/immat_micka/tests/immatfr125_et246bd.test'), PosixPath('/home/romuald/tmp/audios/immat_micka/tests/immatfr115_dk709kk.test'), PosixPath('/home/romuald/tmp/audios/immat_micka/tests/immatfr44_ea971ce.test'), PosixPath('/home/romuald/tmp/audios/immat_micka/tests/immatfr94_ag822yw.test'), PosixPath('/home/romuald/tmp/audios/immat_micka/tests/immatfr36_dj648ps.test'), PosixPath('/home/romuald/tmp/audios/immat_micka/tests/immatfr41_dw541ek.test'), PosixPath('/home/romuald/tmp/audios/immat_micka/tests/immatfr61_fc110re.test'), PosixPath('/home/romuald/tmp/audios/immat_micka/tests/immatfr164_ed814pq.test'), PosixPath('/home/romuald/tmp/audios/immat_micka/tests/immatfr72_fp704sm.test'), PosixPath('/home/romuald/tmp/audios/immat_micka/tests/immatfr66_fg302fj.test'), PosixPath('/home/romuald/tmp/audios/immat_micka/tests/immatfr163_dv051yh.test'), PosixPath('/home/romuald/tmp/audios/immat_micka/tests/immatfr175_fw968sa.test'), PosixPath('/home/romuald/tmp/audios/immat_micka/tests/immatfr167_eq435el.test'), PosixPath('/home/romuald/tmp/audios/immat_micka/tests/immatfr157_db157pb.test'), PosixPath('/home/romuald/tmp/audios/immat_micka/tests/immatfr165_em427gy.test'), PosixPath('/home/romuald/tmp/audios/immat_micka/tests/immatfr14_bp753py.test'), PosixPath('/home/romuald/tmp/audios/immat_micka/tests/immatfr93_af859kr.test'), PosixPath('/home/romuald/tmp/audios/immat_micka/tests/immatfr77_fw229br.test'), PosixPath('/home/romuald/tmp/audios/immat_micka/tests/immatfr170_fc443xq.test'), PosixPath('/home/romuald/tmp/audios/immat_micka/tests/immatfr86_pk114xf.test'), PosixPath('/home/romuald/tmp/audios/immat_micka/tests/immatfr150_aa885tj.test'), PosixPath('/home/romuald/tmp/audios/immat_micka/tests/immatfr68_fj228sh.test'), PosixPath('/home/romuald/tmp/audios/immat_micka/tests/immatfr152_aj572xd.test'), PosixPath('/home/romuald/tmp/audios/immat_micka/tests/immatfr176_gc136ed.test'), PosixPath('/home/romuald/tmp/audios/immat_micka/tests/immatfr168_ev282cd.test'), PosixPath('/home/romuald/tmp/audios/immat_micka/tests/immatfr59_ez934gl.test'), PosixPath('/home/romuald/tmp/audios/immat_micka/tests/immatfr38_dn993vv.test'), PosixPath('/home/romuald/tmp/audios/immat_micka/tests/immatfr134_fq090vb.test'), PosixPath('/home/romuald/tmp/audios/immat_micka/tests/immatfr16_bt011xl.test'), PosixPath('/home/romuald/tmp/audios/immat_micka/tests/immatfr91_aa038jg.test'), PosixPath('/home/romuald/tmp/audios/immat_micka/tests/immatfr56_es950mw.test'), PosixPath('/home/romuald/tmp/audios/immat_micka/tests/immatfr144_gb941gm.test'), PosixPath('/home/romuald/tmp/audios/immat_micka/tests/immatfr26_cn156rh.test'), PosixPath('/home/romuald/tmp/audios/immat_micka/tests/immatfr62_fc629kb.test'), PosixPath('/home/romuald/tmp/audios/immat_micka/tests/immatfr30_da358ff.test'), PosixPath('/home/romuald/tmp/audios/immat_micka/tests/immatfr158_dg747tb.test'), PosixPath('/home/romuald/tmp/audios/immat_micka/tests/immatfr109_cm231fj.test'), PosixPath('/home/romuald/tmp/audios/immat_micka/tests/immatfr177_gc192wc.test'), PosixPath('/home/romuald/tmp/audios/immat_micka/tests/immatfr123_en746ls.test'), PosixPath('/home/romuald/tmp/audios/immat_micka/tests/immatfr155_cy278gw.test'), PosixPath('/home/romuald/tmp/audios/immat_micka/tests/immatfr105_cf830jz.test'), PosixPath('/home/romuald/tmp/audios/immat_micka/tests/immatfr64_ff602aj.test'), PosixPath('/home/romuald/tmp/audios/immat_micka/tests/immatfr79_fy223eq.test'), PosixPath('/home/romuald/tmp/audios/immat_micka/tests/immatfr119_ec549ly.test'), PosixPath('/home/romuald/tmp/audios/immat_micka/tests/immatfr73_fs579es.test'), PosixPath('/home/romuald/tmp/audios/immat_micka/tests/immatfr136_fq831pk.test'), PosixPath('/home/romuald/tmp/audios/immat_micka/tests/immatfr69_fl542jy.test'), PosixPath('/home/romuald/tmp/audios/immat_micka/tests/immatfr122_ek765eh.test'), PosixPath('/home/romuald/tmp/audios/immat_micka/tests/immatfr15_br535gj.test'), PosixPath('/home/romuald/tmp/audios/immat_micka/tests/immatfr23_cg932dt.test'), PosixPath('/home/romuald/tmp/audios/immat_micka/tests/immatfr138_fv128hb.test'), PosixPath('/home/romuald/tmp/audios/immat_micka/tests/immatfr29_cz217kl.test'), PosixPath('/home/romuald/tmp/audios/immat_micka/tests/immatfr22_cd805cd.test'), PosixPath('/home/romuald/tmp/audios/immat_micka/tests/immatfr51_el491fv.test'), PosixPath('/home/romuald/tmp/audios/immat_micka/tests/immatfr161_dm911ha.test'), PosixPath('/home/romuald/tmp/audios/immat_micka/tests/immatfr4_ac998ec.test'), PosixPath('/home/romuald/tmp/audios/immat_micka/tests/immatfr5_af282pa.test'), PosixPath('/home/romuald/tmp/audios/immat_micka/tests/immatfr133_fp693ne.test'), PosixPath('/home/romuald/tmp/audios/immat_micka/tests/immatfr142_gb167cb.test'), PosixPath('/home/romuald/tmp/audios/immat_micka/tests/immatfr100_bq878rn.test'), PosixPath('/home/romuald/tmp/audios/immat_micka/tests/immatfr128_fc811ya.test'), PosixPath('/home/romuald/tmp/audios/immat_micka/tests/immatfr151_ab123cd.test'), PosixPath('/home/romuald/tmp/audios/immat_micka/tests/immatfr40_dw033qt.test'), PosixPath('/home/romuald/tmp/audios/immat_micka/tests/immatfr135_fq575ma.test'), PosixPath('/home/romuald/tmp/audios/immat_micka/tests/immatfr113_dg903gf.test'), PosixPath('/home/romuald/tmp/audios/immat_micka/tests/immatfr130_fk915ky.test'), PosixPath('/home/romuald/tmp/audios/immat_micka/tests/immatfr57_ex852bl.test'), PosixPath('/home/romuald/tmp/audios/immat_micka/tests/immatfr2_3116rr65.test'), PosixPath('/home/romuald/tmp/audios/immat_micka/tests/immatfr74_fs692jy.test'), PosixPath('/home/romuald/tmp/audios/immat_micka/tests/immatfr9_ak961bh.test'), PosixPath('/home/romuald/tmp/audios/immat_micka/tests/immatfr182_va215sv.test'), PosixPath('/home/romuald/tmp/audios/immat_micka/tests/immatfr8_ah647dq.test'), PosixPath('/home/romuald/tmp/audios/immat_micka/tests/immatfr126_et855kt.test'), PosixPath('/home/romuald/tmp/audios/immat_micka/tests/immatfr173_fq276yy.test'), PosixPath('/home/romuald/tmp/audios/immat_micka/tests/immatfr82_fz087va.test'), PosixPath('/home/romuald/tmp/audios/immat_micka/tests/immatfr20_cb578fm.test'), PosixPath('/home/romuald/tmp/audios/immat_micka/tests/immatfr159_dh921xn.test'), PosixPath('/home/romuald/tmp/audios/immat_micka/tests/immatfr18_bz940cd.test'), PosixPath('/home/romuald/tmp/audios/immat_micka/tests/immatfr46_ef405qx.test'), PosixPath('/home/romuald/tmp/audios/immat_micka/tests/immatfr45_ed606ex.test'), PosixPath('/home/romuald/tmp/audios/immat_micka/tests/immatfr67_fh275kl.test'), PosixPath('/home/romuald/tmp/audios/immat_micka/tests/immatfr121_ek765eh.test'), PosixPath('/home/romuald/tmp/audios/immat_micka/tests/immatfr156_cy278gw.test'), PosixPath('/home/romuald/tmp/audios/immat_micka/tests/immatfr102_bx474qa.test'), PosixPath('/home/romuald/tmp/audios/immat_micka/tests/immatfr42_dw985yz.test'), PosixPath('/home/romuald/tmp/audios/immat_micka/tests/immatfr101_bx020ee.test'), PosixPath('/home/romuald/tmp/audios/immat_micka/tests/immatfr92_aa984gx.test'), PosixPath('/home/romuald/tmp/audios/immat_micka/tests/immatfr95_am834kf.test'), PosixPath('/home/romuald/tmp/audios/immat_micka/tests/immatfr28_cq557hn.test'), PosixPath('/home/romuald/tmp/audios/immat_micka/tests/immatfr118_ea941ap.test'), PosixPath('/home/romuald/tmp/audios/immat_micka/tests/immatfr129_ff195ag.test'), PosixPath('/home/romuald/tmp/audios/immat_micka/tests/immatfr99_bj377hc.test'), PosixPath('/home/romuald/tmp/audios/immat_micka/tests/immatfr110_cn504rc.test'), PosixPath('/home/romuald/tmp/audios/immat_micka/tests/immatfr25_cl210wp.test'), PosixPath('/home/romuald/tmp/audios/immat_micka/tests/immatfr149_4544yx84.test'), PosixPath('/home/romuald/tmp/audios/immat_micka/tests/immatfr35_dj500lb.test'), PosixPath('/home/romuald/tmp/audios/immat_micka/tests/immatfr33_dg851sc.test'), PosixPath('/home/romuald/tmp/audios/immat_micka/tests/immatfr54_er436vj.test'), PosixPath('/home/romuald/tmp/audios/immat_micka/tests/immatfr63_fe504gy.test'), PosixPath('/home/romuald/tmp/audios/immat_micka/tests/immatfr107_cl268tt.test'), PosixPath('/home/romuald/tmp/audios/immat_micka/tests/immatfr70_fm357mb.test'), PosixPath('/home/romuald/tmp/audios/immat_micka/tests/immatfr154_cv971gg.test'), PosixPath('/home/romuald/tmp/audios/immat_micka/tests/immatfr31_de487qm.test'), PosixPath('/home/romuald/tmp/audios/immat_micka/tests/immatfr181_fs857wh.test'), PosixPath('/home/romuald/tmp/audios/immat_micka/tests/immatfr6_af336dw.test'), PosixPath('/home/romuald/tmp/audios/immat_micka/tests/immatfr153_at013mx.test'), PosixPath('/home/romuald/tmp/audios/immat_micka/tests/immatfr96_aw237cz.test'), PosixPath('/home/romuald/tmp/audios/immat_micka/tests/immatfr49_ek121en.test'), PosixPath('/home/romuald/tmp/audios/immat_micka/tests/immatfr1_1910zg27.test'), PosixPath('/home/romuald/tmp/audios/immat_micka/tests/immatfr19_cb313ps.test'), PosixPath('/home/romuald/tmp/audios/immat_micka/tests/immatfr160_dj350ae.test'), PosixPath('/home/romuald/tmp/audios/immat_micka/tests/immatfr48_ek121en.test'), PosixPath('/home/romuald/tmp/audios/immat_micka/tests/immatfr50_el467ht.test'), PosixPath('/home/romuald/tmp/audios/immat_micka/tests/immatfr78_fx350re.test'), PosixPath('/home/romuald/tmp/audios/immat_micka/tests/immatfr58_ey997gx.test'), PosixPath('/home/romuald/tmp/audios/immat_micka/tests/immatfr76_fw009vj.test'), PosixPath('/home/romuald/tmp/audios/immat_micka/tests/immatfr47_ej281lr.test'), PosixPath('/home/romuald/tmp/audios/immat_micka/tests/immatfr145_fe609sk.test'), PosixPath('/home/romuald/tmp/audios/immat_micka/tests/immatfr7_af841fw.test'), PosixPath('/home/romuald/tmp/audios/immat_micka/tests/immatfr39_dw033qt.test'), PosixPath('/home/romuald/tmp/audios/immat_micka/tests/immatfr80_fy601je.test'), PosixPath('/home/romuald/tmp/audios/immat_micka/tests/immatfr10_ax938qz.test'), PosixPath('/home/romuald/tmp/audios/immat_micka/tests/immatfr111_da949vy.test'), PosixPath('/home/romuald/tmp/audios/immat_micka/tests/immatfr53_ep187pt.test'), PosixPath('/home/romuald/tmp/audios/immat_micka/tests/immatfr52_em770rb.test')]
1/178 — immatfr143_gb179ck.test: [92m passed[0m
2/178 — immatfr162_dt657lg.test: [33m partial[0m
=======> None
3/178 — immatfr24_ck790tz.test: [93m error[0m
unable to run test: maximum recursion depth exceeded
Traceback (most recent call last):
  File "/home/romuald/Projects/Sources/uhlive-python/examples/recognition/test_runner_async.py", line 197, in check
    event = await self.expect(RecognitionComplete)
  File "/home/romuald/Projects/Sources/uhlive-python/examples/recognition/test_runner_async.py", line 157, in expect
    event = self.client.receive(msg.data)
  File "/home/romuald/Projects/Sources/uhlive-python/src/uhlive/stream/recognition/client.py", line 196, in receive
    event = deserialize(data)
  File "/home/romuald/Projects/Sources/uhlive-python/src/uhlive/stream/recognition/events.py", line 245, in deserialize
    jd = json.loads(data)
  File "/usr/lib/python3.10/json/__init__.py", line 339, in loads
    raise TypeError(f'the JSON object must be str, bytes or bytearray, '
TypeError: the JSON object must be str, bytes or bytearray, not NoneType

During handling of the above exception, another exception occurred:

Traceback (most recent call last):
  File "/usr/lib/python3.10/asyncio/runners.py", line 44, in run
    return loop.run_until_complete(main)
  File "uvloop/loop.pyx", line 1517, in uvloop.loop.Loop.run_until_complete
  File "/home/romuald/Projects/Sources/uhlive-python/examples/recognition/test_runner_async.py", line 397, in run_all
    res = await asyncio.gather(*tasks)
  File "/home/romuald/Projects/Sources/uhlive-python/examples/recognition/test_runner_async.py", line 298, in run
    report = await self.walk_tests(files, overrides, honor_skipped)
  File "/home/romuald/Projects/Sources/uhlive-python/examples/recognition/test_runner_async.py", line 252, in walk_tests
    await self.check(
  File "/home/romuald/Projects/Sources/uhlive-python/examples/recognition/test_runner_async.py", line 215, in check
    await streamer
  File "/home/romuald/Projects/Sources/uhlive-python/examples/recognition/test_runner_async.py", line 133, in stream
    audio_file.close()
  File "/home/romuald/Projects/Sources/uhlive-python/examples/recognition/test_runner_async.py", line 117, in close
    self.close()
  File "/home/romuald/Projects/Sources/uhlive-python/examples/recognition/test_runner_async.py", line 117, in close
    self.close()
  File "/home/romuald/Projects/Sources/uhlive-python/examples/recognition/test_runner_async.py", line 117, in close
    self.close()
  [Previous line repeated 990 more times]
RecursionError: maximum recursion depth exceeded
